c:\users\joelf\onedrive\class\cis 200\lab\lab\lab\debug\vc140.pdb
c:\users\joelf\onedrive\class\cis 200\lab\lab\lab\debug\vc140.idb
c:\users\joelf\onedrive\class\cis 200\lab\lab\lab\debug\lab10_task1.obj
c:\users\joelf\onedrive\class\cis 200\lab\lab\lab\debug\lab11_task1.obj
c:\users\joelf\onedrive\class\cis 200\lab\lab\lab\debug\lab7_task1.obj
c:\users\joelf\onedrive\class\cis 200\lab\lab\lab\debug\lab8_task1.obj
c:\users\joelf\onedrive\class\cis 200\lab\lab\lab\debug\lab8_task2.obj
c:\users\joelf\onedrive\class\cis 200\lab\lab\lab\debug\lab9task1.obj
c:\users\joelf\onedrive\class\cis 200\lab\lab\lab\debug\lab9task2.obj
c:\users\joelf\onedrive\class\cis 200\lab\lab\lab\debug\test.obj
c:\users\joelf\onedrive\class\cis 200\lab\lab\debug\lab.pdb
c:\users\joelf\onedrive\class\cis 200\lab\lab\lab\debug\lab.tlog\cl.command.1.tlog
c:\users\joelf\onedrive\class\cis 200\lab\lab\lab\debug\lab.tlog\cl.read.1.tlog
c:\users\joelf\onedrive\class\cis 200\lab\lab\lab\debug\lab.tlog\cl.write.1.tlog
c:\users\joelf\onedrive\class\cis 200\lab\lab\lab\debug\lab.tlog\link.8036-cvtres.read.1.tlog
c:\users\joelf\onedrive\class\cis 200\lab\lab\lab\debug\lab.tlog\link.8036-cvtres.write.1.tlog
c:\users\joelf\onedrive\class\cis 200\lab\lab\lab\debug\lab.tlog\link.8036-rc.read.1.tlog
c:\users\joelf\onedrive\class\cis 200\lab\lab\lab\debug\lab.tlog\link.8036-rc.write.1.tlog
c:\users\joelf\onedrive\class\cis 200\lab\lab\lab\debug\lab.tlog\link.8036.read.1.tlog
c:\users\joelf\onedrive\class\cis 200\lab\lab\lab\debug\lab.tlog\link.8036.write.1.tlog
c:\users\joelf\onedrive\class\cis 200\lab\lab\lab\debug\lab.tlog\link.command.1.tlog
c:\users\joelf\onedrive\class\cis 200\lab\lab\lab\debug\lab.tlog\link.read.1.tlog
c:\users\joelf\onedrive\class\cis 200\lab\lab\lab\debug\lab.tlog\link.write.1.tlog
